0 info it worked if it ends with ok
1 verbose cli [ 'C:\\Program Files\\nodejs\\node.exe',
1 verbose cli   'C:\\Users\\ayf\\AppData\\Roaming\\npm\\node_modules\\npm\\bin\\npm-cli.js',
1 verbose cli   'start' ]
2 info using npm@3.10.10
3 info using node@v10.16.0
4 verbose run-script [ 'prestart', 'start', 'poststart' ]
5 info lifecycle project3@0.1.0~prestart: project3@0.1.0
6 silly lifecycle project3@0.1.0~prestart: no script for prestart, continuing
7 info lifecycle project3@0.1.0~start: project3@0.1.0
8 verbose lifecycle project3@0.1.0~start: unsafe-perm in lifecycle true
9 verbose lifecycle project3@0.1.0~start: PATH: C:\Users\ayf\AppData\Roaming\npm\node_modules\npm\bin\node-gyp-bin;C:\Users\ayf\Desktop\project3\node_modules\.bin;C:\Program Files (x86)\Common Files\Oracle\Java\javapath;C:\ProgramData\Oracle\Java\javapath;c:\Program Files (x86)\AMD APP\bin\x86_64;c:\Program Files (x86)\AMD APP\bin\x86;C:\Windows\system32;C:\Windows;C:\Windows\System32\Wbem;C:\Windows\System32\WindowsPowerShell\v1.0\;c:\Program Files (x86)\ATI Technologies\ATI.ACE\Core-Static;C:\Program Files (x86)\Microchip\MPLAB C32 Suite\bin;C:\Program Files\Java\jdk1.8.0_151\bin;C:\Program Files\CMake\bin;C:\Program Files\nodejs\;C:\Users\ayf\AppData\Local\Programs\Microsoft VS Code\bin;C:\Users\ayf\AppData\Roaming\npm
10 verbose lifecycle project3@0.1.0~start: CWD: C:\Users\ayf\Desktop\project3
11 silly lifecycle project3@0.1.0~start: Args: [ '/d /s /c', 'react-scripts start' ]
12 verbose stack Error: kill ENOSYS
12 verbose stack     at process.kill (internal/process/per_thread.js:198:13)
12 verbose stack     at process.listener (C:\Users\ayf\AppData\Roaming\npm\node_modules\npm\node_modules\npmlog\node_modules\gauge\node_modules\signal-exit\index.js:86:15)
12 verbose stack     at process.emit (events.js:203:15)
13 verbose cwd C:\Users\ayf\Desktop\project3
14 error Windows_NT 6.1.7601
15 error argv "C:\\Program Files\\nodejs\\node.exe" "C:\\Users\\ayf\\AppData\\Roaming\\npm\\node_modules\\npm\\bin\\npm-cli.js" "start"
16 error node v10.16.0
17 error npm  v3.10.10
18 error code ENOSYS
19 error errno ENOSYS
20 error syscall kill
21 error kill ENOSYS
22 error If you need help, you may report this error at:
22 error     <https://github.com/npm/npm/issues>
23 verbose exit [ 1, true ]
